C:\Program Files\Microsoft Visual Studio\2022\Professional\MSBuild\Microsoft\VC\v170\Microsoft.CppBuild.targets(531,5): warning MSB8028: промежуточный каталог (x64\Debug\) содержит файлы, которые используются совместно с другим проектом (Дерево.vcxproj).  Это может привести к ошибкам очистки и перестроения.
  main.cpp
D:\Проекты С++\Коммивояжер\main.cpp(301,13): warning C4267: инициализация: преобразование из "size_t" в "int"; возможна потеря данных
D:\Проекты С++\Коммивояжер\main.cpp(323,13): warning C4267: инициализация: преобразование из "size_t" в "int"; возможна потеря данных
D:\Проекты С++\Коммивояжер\main.cpp(346,13): warning C4267: инициализация: преобразование из "size_t" в "int"; возможна потеря данных
D:\Проекты С++\Коммивояжер\main.cpp(369,13): warning C4267: инициализация: преобразование из "size_t" в "int"; возможна потеря данных
D:\Проекты С++\Коммивояжер\main.cpp(380,13): warning C4267: инициализация: преобразование из "size_t" в "int"; возможна потеря данных
D:\Проекты С++\Коммивояжер\main.cpp(391,13): warning C4267: инициализация: преобразование из "size_t" в "int"; возможна потеря данных
D:\Проекты С++\Коммивояжер\main.cpp(426,13): warning C4267: инициализация: преобразование из "size_t" в "int"; возможна потеря данных
D:\Проекты С++\Коммивояжер\main.cpp(542,32): warning C4244: =: преобразование "float" в "int", возможна потеря данных
D:\Проекты С++\Коммивояжер\main.cpp(543,37): warning C4244: =: преобразование "float" в "int", возможна потеря данных
D:\Проекты С++\Коммивояжер\main.cpp(546,38): warning C4244: аргумент: преобразование "int" в "float", возможна потеря данных
D:\Проекты С++\Коммивояжер\main.cpp(546,30): warning C4244: аргумент: преобразование "int" в "float", возможна потеря данных
D:\Проекты С++\Коммивояжер\main.cpp(548,28): warning C4244: аргумент: преобразование "int" в "float", возможна потеря данных
D:\Проекты С++\Коммивояжер\main.cpp(555,55): warning C4244: аргумент: преобразование "int" в "float", возможна потеря данных
D:\Проекты С++\Коммивояжер\main.cpp(555,39): warning C4244: аргумент: преобразование "int" в "float", возможна потеря данных
D:\Проекты С++\Коммивояжер\main.cpp(583,12): warning C4244: =: преобразование "double" в "int", возможна потеря данных
D:\Проекты С++\Коммивояжер\main.cpp(801,68): warning C4244: аргумент: преобразование "int" в "T", возможна потеря данных
          with
          [
              T=float
          ]
D:\Проекты С++\Коммивояжер\main.cpp(801,56): warning C4244: аргумент: преобразование "int" в "T", возможна потеря данных
          with
          [
              T=float
          ]
D:\Проекты С++\Коммивояжер\main.cpp(802,68): warning C4244: аргумент: преобразование "int" в "T", возможна потеря данных
          with
          [
              T=float
          ]
D:\Проекты С++\Коммивояжер\main.cpp(802,56): warning C4244: аргумент: преобразование "int" в "T", возможна потеря данных
          with
          [
              T=float
          ]
D:\Проекты С++\Коммивояжер\main.cpp(841,69): warning C4244: аргумент: преобразование "int" в "T", возможна потеря данных
          with
          [
              T=float
          ]
D:\Проекты С++\Коммивояжер\main.cpp(841,57): warning C4244: аргумент: преобразование "int" в "T", возможна потеря данных
          with
          [
              T=float
          ]
D:\Проекты С++\Коммивояжер\main.cpp(842,69): warning C4244: аргумент: преобразование "int" в "T", возможна потеря данных
          with
          [
              T=float
          ]
D:\Проекты С++\Коммивояжер\main.cpp(842,57): warning C4244: аргумент: преобразование "int" в "T", возможна потеря данных
          with
          [
              T=float
          ]
D:\Проекты С++\Коммивояжер\main.cpp(846,93): warning C4244: аргумент: преобразование "double" в "float", возможна потеря данных
D:\Проекты С++\Коммивояжер\main.cpp(846,60): warning C4244: аргумент: преобразование "double" в "float", возможна потеря данных
D:\Проекты С++\Коммивояжер\main.cpp(885,71): warning C4244: аргумент: преобразование "int" в "T", возможна потеря данных
          with
          [
              T=float
          ]
D:\Проекты С++\Коммивояжер\main.cpp(885,59): warning C4244: аргумент: преобразование "int" в "T", возможна потеря данных
          with
          [
              T=float
          ]
D:\Проекты С++\Коммивояжер\main.cpp(886,71): warning C4244: аргумент: преобразование "int" в "T", возможна потеря данных
          with
          [
              T=float
          ]
D:\Проекты С++\Коммивояжер\main.cpp(886,59): warning C4244: аргумент: преобразование "int" в "T", возможна потеря данных
          with
          [
              T=float
          ]
D:\Проекты С++\Коммивояжер\main.cpp(890,101): warning C4244: аргумент: преобразование "double" в "float", возможна потеря данных
D:\Проекты С++\Коммивояжер\main.cpp(890,62): warning C4244: аргумент: преобразование "double" в "float", возможна потеря данных
D:\Проекты С++\Коммивояжер\main.cpp(918,80): warning C4267: аргумент: преобразование из "size_t" в "const T"; возможна потеря данных
          with
          [
              T=int
          ]
D:\Проекты С++\Коммивояжер\main.cpp(919,22): warning C4267: инициализация: преобразование из "size_t" в "int"; возможна потеря данных
D:\Проекты С++\Коммивояжер\main.cpp(939,70): warning C4244: аргумент: преобразование "int" в "T", возможна потеря данных
          with
          [
              T=float
          ]
D:\Проекты С++\Коммивояжер\main.cpp(939,58): warning C4244: аргумент: преобразование "int" в "T", возможна потеря данных
          with
          [
              T=float
          ]
D:\Проекты С++\Коммивояжер\main.cpp(940,70): warning C4244: аргумент: преобразование "int" в "T", возможна потеря данных
          with
          [
              T=float
          ]
D:\Проекты С++\Коммивояжер\main.cpp(940,58): warning C4244: аргумент: преобразование "int" в "T", возможна потеря данных
          with
          [
              T=float
          ]
D:\Проекты С++\Коммивояжер\main.cpp(944,100): warning C4244: аргумент: преобразование "double" в "float", возможна потеря данных
D:\Проекты С++\Коммивояжер\main.cpp(944,61): warning C4244: аргумент: преобразование "double" в "float", возможна потеря данных
D:\Проекты С++\Коммивояжер\main.cpp(971,23): warning C4267: инициализация: преобразование из "size_t" в "int"; возможна потеря данных
D:\Проекты С++\Коммивояжер\main.cpp(987,71): warning C4244: аргумент: преобразование "int" в "T", возможна потеря данных
          with
          [
              T=float
          ]
D:\Проекты С++\Коммивояжер\main.cpp(987,59): warning C4244: аргумент: преобразование "int" в "T", возможна потеря данных
          with
          [
              T=float
          ]
D:\Проекты С++\Коммивояжер\main.cpp(988,71): warning C4244: аргумент: преобразование "int" в "T", возможна потеря данных
          with
          [
              T=float
          ]
D:\Проекты С++\Коммивояжер\main.cpp(988,59): warning C4244: аргумент: преобразование "int" в "T", возможна потеря данных
          with
          [
              T=float
          ]
D:\Проекты С++\Коммивояжер\main.cpp(992,101): warning C4244: аргумент: преобразование "double" в "float", возможна потеря данных
D:\Проекты С++\Коммивояжер\main.cpp(992,62): warning C4244: аргумент: преобразование "double" в "float", возможна потеря данных
D:\Проекты С++\Коммивояжер\main.cpp(1032,23): warning C4267: инициализация: преобразование из "size_t" в "int"; возможна потеря данных
D:\Проекты С++\Коммивояжер\main.cpp(1048,71): warning C4244: аргумент: преобразование "int" в "T", возможна потеря данных
          with
          [
              T=float
          ]
D:\Проекты С++\Коммивояжер\main.cpp(1048,59): warning C4244: аргумент: преобразование "int" в "T", возможна потеря данных
          with
          [
              T=float
          ]
D:\Проекты С++\Коммивояжер\main.cpp(1049,71): warning C4244: аргумент: преобразование "int" в "T", возможна потеря данных
          with
          [
              T=float
          ]
D:\Проекты С++\Коммивояжер\main.cpp(1049,59): warning C4244: аргумент: преобразование "int" в "T", возможна потеря данных
          with
          [
              T=float
          ]
D:\Проекты С++\Коммивояжер\main.cpp(1053,101): warning C4244: аргумент: преобразование "double" в "float", возможна потеря данных
D:\Проекты С++\Коммивояжер\main.cpp(1053,62): warning C4244: аргумент: преобразование "double" в "float", возможна потеря данных
D:\Проекты С++\Коммивояжер\main.cpp(1091,23): warning C4267: инициализация: преобразование из "size_t" в "int"; возможна потеря данных
D:\Проекты С++\Коммивояжер\main.cpp(1107,71): warning C4244: аргумент: преобразование "int" в "T", возможна потеря данных
          with
          [
              T=float
          ]
D:\Проекты С++\Коммивояжер\main.cpp(1107,59): warning C4244: аргумент: преобразование "int" в "T", возможна потеря данных
          with
          [
              T=float
          ]
D:\Проекты С++\Коммивояжер\main.cpp(1108,71): warning C4244: аргумент: преобразование "int" в "T", возможна потеря данных
          with
          [
              T=float
          ]
D:\Проекты С++\Коммивояжер\main.cpp(1108,59): warning C4244: аргумент: преобразование "int" в "T", возможна потеря данных
          with
          [
              T=float
          ]
D:\Проекты С++\Коммивояжер\main.cpp(1112,101): warning C4244: аргумент: преобразование "double" в "float", возможна потеря данных
D:\Проекты С++\Коммивояжер\main.cpp(1112,62): warning C4244: аргумент: преобразование "double" в "float", возможна потеря данных
D:\Проекты С++\Коммивояжер\main.cpp(1152,68): warning C4244: аргумент: преобразование "int" в "T", возможна потеря данных
          with
          [
              T=float
          ]
D:\Проекты С++\Коммивояжер\main.cpp(1152,56): warning C4244: аргумент: преобразование "int" в "T", возможна потеря данных
          with
          [
              T=float
          ]
D:\Проекты С++\Коммивояжер\main.cpp(1153,68): warning C4244: аргумент: преобразование "int" в "T", возможна потеря данных
          with
          [
              T=float
          ]
D:\Проекты С++\Коммивояжер\main.cpp(1153,56): warning C4244: аргумент: преобразование "int" в "T", возможна потеря данных
          with
          [
              T=float
          ]
D:\Проекты С++\Коммивояжер\main.cpp(1157,92): warning C4244: аргумент: преобразование "double" в "float", возможна потеря данных
D:\Проекты С++\Коммивояжер\main.cpp(1157,59): warning C4244: аргумент: преобразование "double" в "float", возможна потеря данных
D:\Проекты С++\Коммивояжер\main.cpp(815,11): warning C4101: vertex: неиспользованная локальная переменная
  Дерево.vcxproj -> D:\Проекты С++\Коммивояжер\x64\Debug\Коммивояжер.exe
